2025-01-15  1:55:13 0 [Note] Starting MariaDB 10.4.32-MariaDB source revision c4143f909528e3fab0677a28631d10389354c491 as process 9256
2025-01-15  1:55:13 0 [Note] InnoDB: Mutexes and rw_locks use Windows interlocked functions
2025-01-15  1:55:13 0 [Note] InnoDB: Uses event mutexes
2025-01-15  1:55:13 0 [Note] InnoDB: Compressed tables use zlib 1.3
2025-01-15  1:55:13 0 [Note] InnoDB: Number of pools: 1
2025-01-15  1:55:13 0 [Note] InnoDB: Using SSE2 crc32 instructions
2025-01-15  1:55:13 0 [Note] InnoDB: Initializing buffer pool, total size = 16M, instances = 1, chunk size = 16M
2025-01-15  1:55:13 0 [Note] InnoDB: Completed initialization of buffer pool
2025-01-15  1:55:13 0 [Note] InnoDB: Starting crash recovery from checkpoint LSN=300288
2025-01-15  1:55:13 0 [Note] InnoDB: 128 out of 128 rollback segments are active.
2025-01-15  1:55:13 0 [Note] InnoDB: Removed temporary tablespace data file: "ibtmp1"
2025-01-15  1:55:13 0 [Note] InnoDB: Creating shared tablespace for temporary tables
2025-01-15  1:55:13 0 [Note] InnoDB: Setting file 'C:\xampp\mysql\data\ibtmp1' size to 12 MB. Physically writing the file full; Please wait ...
2025-01-15  1:55:13 0 [Note] InnoDB: File 'C:\xampp\mysql\data\ibtmp1' size is now 12 MB.
2025-01-15  1:55:13 0 [Note] InnoDB: Waiting for purge to start
2025-01-15  1:55:13 0 [Note] InnoDB: 10.4.32 started; log sequence number 300297; transaction id 170
2025-01-15  1:55:13 0 [Note] InnoDB: Loading buffer pool(s) from C:\xampp\mysql\data\ib_buffer_pool
2025-01-15  1:55:13 0 [Note] Plugin 'FEEDBACK' is disabled.
2025-01-15  1:55:13 0 [Note] InnoDB: Buffer pool(s) load completed at 250115  1:55:13
2025-01-15  1:55:13 0 [Note] Server socket created on IP: '::'.
2025-01-15  2:09:55 0 [Note] Starting MariaDB 10.4.32-MariaDB source revision c4143f909528e3fab0677a28631d10389354c491 as process 20848
2025-01-15  2:09:55 0 [Note] InnoDB: Mutexes and rw_locks use Windows interlocked functions
2025-01-15  2:09:55 0 [Note] InnoDB: Uses event mutexes
2025-01-15  2:09:55 0 [Note] InnoDB: Compressed tables use zlib 1.3
2025-01-15  2:09:55 0 [Note] InnoDB: Number of pools: 1
2025-01-15  2:09:55 0 [Note] InnoDB: Using SSE2 crc32 instructions
2025-01-15  2:09:55 0 [Note] InnoDB: Initializing buffer pool, total size = 16M, instances = 1, chunk size = 16M
2025-01-15  2:09:55 0 [Note] InnoDB: Completed initialization of buffer pool
2025-01-15  2:09:55 0 [Note] InnoDB: Starting crash recovery from checkpoint LSN=308368
2025-01-15  2:09:55 0 [Note] InnoDB: 128 out of 128 rollback segments are active.
2025-01-15  2:09:55 0 [Note] InnoDB: Removed temporary tablespace data file: "ibtmp1"
2025-01-15  2:09:55 0 [Note] InnoDB: Creating shared tablespace for temporary tables
2025-01-15  2:09:55 0 [Note] InnoDB: Setting file 'C:\xampp\mysql\data\ibtmp1' size to 12 MB. Physically writing the file full; Please wait ...
2025-01-15  2:09:55 0 [Note] InnoDB: File 'C:\xampp\mysql\data\ibtmp1' size is now 12 MB.
2025-01-15  2:09:55 0 [Note] InnoDB: Waiting for purge to start
2025-01-15  2:09:55 0 [Note] InnoDB: 10.4.32 started; log sequence number 308377; transaction id 208
2025-01-15  2:09:55 0 [Note] InnoDB: Loading buffer pool(s) from C:\xampp\mysql\data\ib_buffer_pool
2025-01-15  2:09:55 0 [Note] Plugin 'FEEDBACK' is disabled.
2025-01-15  2:09:55 0 [Note] InnoDB: Buffer pool(s) load completed at 250115  2:09:55
2025-01-15  2:09:55 0 [Note] Server socket created on IP: '::'.
2025-01-15 19:08:43 0 [Note] Starting MariaDB 10.4.32-MariaDB source revision c4143f909528e3fab0677a28631d10389354c491 as process 18092
2025-01-15 19:08:43 0 [Note] InnoDB: Mutexes and rw_locks use Windows interlocked functions
2025-01-15 19:08:43 0 [Note] InnoDB: Uses event mutexes
2025-01-15 19:08:43 0 [Note] InnoDB: Compressed tables use zlib 1.3
2025-01-15 19:08:43 0 [Note] InnoDB: Number of pools: 1
2025-01-15 19:08:43 0 [Note] InnoDB: Using SSE2 crc32 instructions
2025-01-15 19:08:43 0 [Note] InnoDB: Initializing buffer pool, total size = 16M, instances = 1, chunk size = 16M
2025-01-15 19:08:43 0 [Note] InnoDB: Completed initialization of buffer pool
2025-01-15 19:08:43 0 [Note] InnoDB: Starting crash recovery from checkpoint LSN=403575
2025-01-15 19:08:44 0 [Note] InnoDB: 128 out of 128 rollback segments are active.
2025-01-15 19:08:44 0 [Note] InnoDB: Removed temporary tablespace data file: "ibtmp1"
2025-01-15 19:08:44 0 [Note] InnoDB: Creating shared tablespace for temporary tables
2025-01-15 19:08:44 0 [Note] InnoDB: Setting file 'C:\xampp\mysql\data\ibtmp1' size to 12 MB. Physically writing the file full; Please wait ...
2025-01-15 19:08:44 0 [Note] InnoDB: File 'C:\xampp\mysql\data\ibtmp1' size is now 12 MB.
2025-01-15 19:08:44 0 [Note] InnoDB: Waiting for purge to start
2025-01-15 19:08:44 0 [Note] InnoDB: 10.4.32 started; log sequence number 403584; transaction id 590
2025-01-15 19:08:44 0 [Note] InnoDB: Loading buffer pool(s) from C:\xampp\mysql\data\ib_buffer_pool
2025-01-15 19:08:44 0 [Note] Plugin 'FEEDBACK' is disabled.
2025-01-15 19:08:44 0 [Note] InnoDB: Buffer pool(s) load completed at 250115 19:08:44
2025-01-15 19:08:44 0 [Note] Server socket created on IP: '::'.
2025-01-15 19:08:47 0 [Note] Starting MariaDB 10.4.32-MariaDB source revision c4143f909528e3fab0677a28631d10389354c491 as process 16040
2025-01-15 19:08:47 0 [Note] InnoDB: Mutexes and rw_locks use Windows interlocked functions
2025-01-15 19:08:47 0 [Note] InnoDB: Uses event mutexes
2025-01-15 19:08:47 0 [Note] InnoDB: Compressed tables use zlib 1.3
2025-01-15 19:08:47 0 [Note] InnoDB: Number of pools: 1
2025-01-15 19:08:47 0 [Note] InnoDB: Using SSE2 crc32 instructions
2025-01-15 19:08:47 0 [Note] InnoDB: Initializing buffer pool, total size = 16M, instances = 1, chunk size = 16M
2025-01-15 19:08:47 0 [Note] InnoDB: Completed initialization of buffer pool
2025-01-15 19:08:47 0 [Note] InnoDB: Starting crash recovery from checkpoint LSN=403575
2025-01-15 19:08:47 0 [Note] InnoDB: 128 out of 128 rollback segments are active.
2025-01-15 19:08:47 0 [Note] InnoDB: Removed temporary tablespace data file: "ibtmp1"
2025-01-15 19:08:47 0 [Note] InnoDB: Creating shared tablespace for temporary tables
2025-01-15 19:08:47 0 [Note] InnoDB: Setting file 'C:\xampp\mysql\data\ibtmp1' size to 12 MB. Physically writing the file full; Please wait ...
2025-01-15 19:08:47 0 [Note] InnoDB: File 'C:\xampp\mysql\data\ibtmp1' size is now 12 MB.
2025-01-15 19:08:47 0 [Note] InnoDB: Waiting for purge to start
2025-01-15 19:08:47 0 [Note] InnoDB: 10.4.32 started; log sequence number 403584; transaction id 590
2025-01-15 19:08:47 0 [Note] InnoDB: Loading buffer pool(s) from C:\xampp\mysql\data\ib_buffer_pool
2025-01-15 19:08:47 0 [Note] Plugin 'FEEDBACK' is disabled.
2025-01-15 19:08:47 0 [Note] InnoDB: Buffer pool(s) load completed at 250115 19:08:47
2025-01-15 19:08:47 0 [Note] Server socket created on IP: '::'.
2025-05-26 20:34:57 0 [Note] Starting MariaDB 10.4.32-MariaDB source revision c4143f909528e3fab0677a28631d10389354c491 as process 7416
2025-05-26 20:34:57 0 [Note] InnoDB: Mutexes and rw_locks use Windows interlocked functions
2025-05-26 20:34:57 0 [Note] InnoDB: Uses event mutexes
2025-05-26 20:34:57 0 [Note] InnoDB: Compressed tables use zlib 1.3
2025-05-26 20:34:57 0 [Note] InnoDB: Number of pools: 1
2025-05-26 20:34:57 0 [Note] InnoDB: Using SSE2 crc32 instructions
2025-05-26 20:34:57 0 [Note] InnoDB: Initializing buffer pool, total size = 16M, instances = 1, chunk size = 16M
2025-05-26 20:34:57 0 [Note] InnoDB: Completed initialization of buffer pool
2025-05-26 20:34:57 0 [Note] InnoDB: Starting crash recovery from checkpoint LSN=416892
2025-05-26 20:34:57 0 [Note] InnoDB: 128 out of 128 rollback segments are active.
2025-05-26 20:34:57 0 [Note] InnoDB: Removed temporary tablespace data file: "ibtmp1"
2025-05-26 20:34:57 0 [Note] InnoDB: Creating shared tablespace for temporary tables
2025-05-26 20:34:57 0 [Note] InnoDB: Setting file 'C:\xampp\mysql\data\ibtmp1' size to 12 MB. Physically writing the file full; Please wait ...
2025-05-26 20:34:57 0 [Note] InnoDB: File 'C:\xampp\mysql\data\ibtmp1' size is now 12 MB.
2025-05-26 20:34:57 0 [Note] InnoDB: Waiting for purge to start
2025-05-26 20:34:57 0 [Note] InnoDB: 10.4.32 started; log sequence number 416901; transaction id 647
2025-05-26 20:34:57 0 [Note] InnoDB: Loading buffer pool(s) from C:\xampp\mysql\data\ib_buffer_pool
2025-05-26 20:34:57 0 [Note] Plugin 'FEEDBACK' is disabled.
2025-05-26 20:34:57 0 [Note] InnoDB: Buffer pool(s) load completed at 250526 20:34:57
2025-05-26 20:34:58 0 [Note] Server socket created on IP: '::'.
2025-05-26 20:39:01 0 [Note] Starting MariaDB 10.4.32-MariaDB source revision c4143f909528e3fab0677a28631d10389354c491 as process 20996
2025-05-26 20:39:01 0 [Note] InnoDB: Mutexes and rw_locks use Windows interlocked functions
2025-05-26 20:39:01 0 [Note] InnoDB: Uses event mutexes
2025-05-26 20:39:01 0 [Note] InnoDB: Compressed tables use zlib 1.3
2025-05-26 20:39:01 0 [Note] InnoDB: Number of pools: 1
2025-05-26 20:39:01 0 [Note] InnoDB: Using SSE2 crc32 instructions
2025-05-26 20:39:01 0 [Note] InnoDB: Initializing buffer pool, total size = 16M, instances = 1, chunk size = 16M
2025-05-26 20:39:01 0 [Note] InnoDB: Completed initialization of buffer pool
2025-05-26 20:39:01 0 [Note] InnoDB: Starting crash recovery from checkpoint LSN=416910
2025-05-26 20:39:01 0 [Note] InnoDB: 128 out of 128 rollback segments are active.
2025-05-26 20:39:01 0 [Note] InnoDB: Removed temporary tablespace data file: "ibtmp1"
2025-05-26 20:39:01 0 [Note] InnoDB: Creating shared tablespace for temporary tables
2025-05-26 20:39:01 0 [Note] InnoDB: Setting file 'C:\xampp\mysql\data\ibtmp1' size to 12 MB. Physically writing the file full; Please wait ...
2025-05-26 20:39:01 0 [Note] InnoDB: File 'C:\xampp\mysql\data\ibtmp1' size is now 12 MB.
2025-05-26 20:39:01 0 [Note] InnoDB: Waiting for purge to start
2025-05-26 20:39:01 0 [Note] InnoDB: 10.4.32 started; log sequence number 416919; transaction id 647
2025-05-26 20:39:01 0 [Note] InnoDB: Loading buffer pool(s) from C:\xampp\mysql\data\ib_buffer_pool
2025-05-26 20:39:01 0 [Note] Plugin 'FEEDBACK' is disabled.
2025-05-26 20:39:01 0 [Note] Server socket created on IP: '::'.
2025-05-26 20:39:01 0 [Note] InnoDB: Buffer pool(s) load completed at 250526 20:39:01
2025-05-26 22:48:01 0 [Note] Starting MariaDB 10.4.32-MariaDB source revision c4143f909528e3fab0677a28631d10389354c491 as process 19416
2025-05-26 22:48:01 0 [Note] InnoDB: Mutexes and rw_locks use Windows interlocked functions
2025-05-26 22:48:01 0 [Note] InnoDB: Uses event mutexes
2025-05-26 22:48:01 0 [Note] InnoDB: Compressed tables use zlib 1.3
2025-05-26 22:48:01 0 [Note] InnoDB: Number of pools: 1
2025-05-26 22:48:01 0 [Note] InnoDB: Using SSE2 crc32 instructions
2025-05-26 22:48:01 0 [Note] InnoDB: Initializing buffer pool, total size = 16M, instances = 1, chunk size = 16M
2025-05-26 22:48:01 0 [Note] InnoDB: Completed initialization of buffer pool
2025-05-26 22:48:01 0 [Note] InnoDB: Starting crash recovery from checkpoint LSN=574800
2025-05-26 22:48:01 0 [Note] InnoDB: 128 out of 128 rollback segments are active.
2025-05-26 22:48:01 0 [Note] InnoDB: Removed temporary tablespace data file: "ibtmp1"
2025-05-26 22:48:01 0 [Note] InnoDB: Creating shared tablespace for temporary tables
2025-05-26 22:48:01 0 [Note] InnoDB: Setting file 'C:\xampp\mysql\data\ibtmp1' size to 12 MB. Physically writing the file full; Please wait ...
2025-05-26 22:48:01 0 [Note] InnoDB: File 'C:\xampp\mysql\data\ibtmp1' size is now 12 MB.
2025-05-26 22:48:01 0 [Note] InnoDB: Waiting for purge to start
2025-05-26 22:48:01 0 [Note] InnoDB: 10.4.32 started; log sequence number 574809; transaction id 888
2025-05-26 22:48:01 0 [Note] InnoDB: Loading buffer pool(s) from C:\xampp\mysql\data\ib_buffer_pool
2025-05-26 22:48:01 0 [Note] Plugin 'FEEDBACK' is disabled.
2025-05-26 22:48:01 0 [Note] InnoDB: Buffer pool(s) load completed at 250526 22:48:01
2025-05-26 22:48:01 0 [Note] Server socket created on IP: '::'.
2025-05-26 22:59:17 0 [Note] Starting MariaDB 10.4.32-MariaDB source revision c4143f909528e3fab0677a28631d10389354c491 as process 27736
2025-05-26 22:59:17 0 [Note] InnoDB: Mutexes and rw_locks use Windows interlocked functions
2025-05-26 22:59:17 0 [Note] InnoDB: Uses event mutexes
2025-05-26 22:59:17 0 [Note] InnoDB: Compressed tables use zlib 1.3
2025-05-26 22:59:17 0 [Note] InnoDB: Number of pools: 1
2025-05-26 22:59:17 0 [Note] InnoDB: Using SSE2 crc32 instructions
2025-05-26 22:59:17 0 [Note] InnoDB: Initializing buffer pool, total size = 16M, instances = 1, chunk size = 16M
2025-05-26 22:59:17 0 [Note] InnoDB: Completed initialization of buffer pool
2025-05-26 22:59:17 0 [Note] InnoDB: Starting crash recovery from checkpoint LSN=574818
2025-05-26 22:59:17 0 [Note] InnoDB: Starting final batch to recover 1 pages from redo log.
2025-05-26 22:59:17 0 [Note] InnoDB: 128 out of 128 rollback segments are active.
2025-05-26 22:59:17 0 [Note] InnoDB: Removed temporary tablespace data file: "ibtmp1"
2025-05-26 22:59:17 0 [Note] InnoDB: Creating shared tablespace for temporary tables
2025-05-26 22:59:17 0 [Note] InnoDB: Setting file 'C:\xampp\mysql\data\ibtmp1' size to 12 MB. Physically writing the file full; Please wait ...
2025-05-26 22:59:17 0 [Note] InnoDB: File 'C:\xampp\mysql\data\ibtmp1' size is now 12 MB.
2025-05-26 22:59:17 0 [Note] InnoDB: Waiting for purge to start
2025-05-26 22:59:18 0 [Note] InnoDB: 10.4.32 started; log sequence number 575107; transaction id 898
2025-05-26 22:59:18 0 [Note] InnoDB: Loading buffer pool(s) from C:\xampp\mysql\data\ib_buffer_pool
2025-05-26 22:59:18 0 [Note] Plugin 'FEEDBACK' is disabled.
2025-05-26 22:59:18 0 [Note] InnoDB: Buffer pool(s) load completed at 250526 22:59:18
2025-05-26 22:59:18 0 [Note] Server socket created on IP: '::'.
