[Wed Jan 15 01:54:21.065095 2025] [ssl:warn] [pid 24212:tid 364] AH01909: www.example.com:443:0 server certificate does NOT include an ID which matches the server name
[Wed Jan 15 01:54:21.100304 2025] [ssl:warn] [pid 24212:tid 364] AH01909: www.example.com:443:0 server certificate does NOT include an ID which matches the server name
[Wed Jan 15 01:54:21.136470 2025] [mpm_winnt:notice] [pid 24212:tid 364] AH00455: Apache/2.4.58 (Win64) OpenSSL/3.1.3 PHP/8.2.12 configured -- resuming normal operations
[Wed Jan 15 01:54:21.136470 2025] [mpm_winnt:notice] [pid 24212:tid 364] AH00456: Apache Lounge VS17 Server built: Oct 18 2023 13:03:18
[Wed Jan 15 01:54:21.136470 2025] [core:notice] [pid 24212:tid 364] AH00094: Command line: 'C:\\xampp\\apache\\bin\\httpd.exe -d C:/xampp/apache'
[Wed Jan 15 01:54:21.140986 2025] [mpm_winnt:notice] [pid 24212:tid 364] AH00418: Parent: Created child process 16184
[Wed Jan 15 01:54:21.524952 2025] [ssl:warn] [pid 16184:tid 380] AH01909: www.example.com:443:0 server certificate does NOT include an ID which matches the server name
[Wed Jan 15 01:54:21.554552 2025] [ssl:warn] [pid 16184:tid 380] AH01909: www.example.com:443:0 server certificate does NOT include an ID which matches the server name
[Wed Jan 15 01:54:21.583615 2025] [mpm_winnt:notice] [pid 16184:tid 380] AH00354: Child: Starting 150 worker threads.
[Wed Jan 15 01:55:11.687241 2025] [ssl:warn] [pid 24880:tid 392] AH01909: www.example.com:443:0 server certificate does NOT include an ID which matches the server name
[Wed Jan 15 01:55:11.716303 2025] [ssl:warn] [pid 24880:tid 392] AH01909: www.example.com:443:0 server certificate does NOT include an ID which matches the server name
[Wed Jan 15 01:55:11.746233 2025] [mpm_winnt:notice] [pid 24880:tid 392] AH00455: Apache/2.4.58 (Win64) OpenSSL/3.1.3 PHP/8.2.12 configured -- resuming normal operations
[Wed Jan 15 01:55:11.746233 2025] [mpm_winnt:notice] [pid 24880:tid 392] AH00456: Apache Lounge VS17 Server built: Oct 18 2023 13:03:18
[Wed Jan 15 01:55:11.746233 2025] [core:notice] [pid 24880:tid 392] AH00094: Command line: 'c:\\xampp\\apache\\bin\\httpd.exe -d C:/xampp/apache'
[Wed Jan 15 01:55:11.751254 2025] [mpm_winnt:notice] [pid 24880:tid 392] AH00418: Parent: Created child process 19488
[Wed Jan 15 01:55:12.064850 2025] [ssl:warn] [pid 19488:tid 376] AH01909: www.example.com:443:0 server certificate does NOT include an ID which matches the server name
[Wed Jan 15 01:55:12.088912 2025] [ssl:warn] [pid 19488:tid 376] AH01909: www.example.com:443:0 server certificate does NOT include an ID which matches the server name
[Wed Jan 15 01:55:12.114157 2025] [mpm_winnt:notice] [pid 19488:tid 376] AH00354: Child: Starting 150 worker threads.
[Wed Jan 15 02:09:53.226269 2025] [mpm_winnt:crit] [pid 19488:tid 376] AH02538: Child: Parent process exited abruptly. Child process is ending
[Wed Jan 15 02:09:54.594377 2025] [ssl:warn] [pid 2564:tid 396] AH01909: www.example.com:443:0 server certificate does NOT include an ID which matches the server name
[Wed Jan 15 02:09:54.621508 2025] [core:warn] [pid 2564:tid 396] AH00098: pid file C:/xampp/apache/logs/httpd.pid overwritten -- Unclean shutdown of previous Apache run?
[Wed Jan 15 02:09:54.622508 2025] [ssl:warn] [pid 2564:tid 396] AH01909: www.example.com:443:0 server certificate does NOT include an ID which matches the server name
[Wed Jan 15 02:09:54.648549 2025] [mpm_winnt:notice] [pid 2564:tid 396] AH00455: Apache/2.4.58 (Win64) OpenSSL/3.1.3 PHP/8.2.12 configured -- resuming normal operations
[Wed Jan 15 02:09:54.648549 2025] [mpm_winnt:notice] [pid 2564:tid 396] AH00456: Apache Lounge VS17 Server built: Oct 18 2023 13:03:18
[Wed Jan 15 02:09:54.648549 2025] [core:notice] [pid 2564:tid 396] AH00094: Command line: 'c:\\xampp\\apache\\bin\\httpd.exe -d C:/xampp/apache'
[Wed Jan 15 02:09:54.653056 2025] [mpm_winnt:notice] [pid 2564:tid 396] AH00418: Parent: Created child process 11436
[Wed Jan 15 02:09:54.957382 2025] [ssl:warn] [pid 11436:tid 376] AH01909: www.example.com:443:0 server certificate does NOT include an ID which matches the server name
[Wed Jan 15 02:09:54.984308 2025] [ssl:warn] [pid 11436:tid 376] AH01909: www.example.com:443:0 server certificate does NOT include an ID which matches the server name
[Wed Jan 15 02:09:55.011420 2025] [mpm_winnt:notice] [pid 11436:tid 376] AH00354: Child: Starting 150 worker threads.
[Wed Jan 15 02:10:15.886377 2025] [php:error] [pid 11436:tid 1960] [client ::1:59237] PHP Fatal error:  Uncaught mysqli_sql_exception: Access denied for user 'root'@'localhost' (using password: YES) in C:\\xampp\\htdocs\\website\\db.php:8\nStack trace:\n#0 C:\\xampp\\htdocs\\website\\db.php(8): mysqli_connect('localhost', 'root', Object(SensitiveParameterValue), 'customer')\n#1 {main}\n  thrown in C:\\xampp\\htdocs\\website\\db.php on line 8
[Wed Jan 15 02:11:44.595880 2025] [php:error] [pid 11436:tid 1960] [client ::1:59272] PHP Fatal error:  Uncaught mysqli_sql_exception: Access denied for user 'root'@'localhost' (using password: YES) in C:\\xampp\\htdocs\\website\\db.php:8\nStack trace:\n#0 C:\\xampp\\htdocs\\website\\db.php(8): mysqli_connect('localhost', 'root', Object(SensitiveParameterValue), 'customer')\n#1 {main}\n  thrown in C:\\xampp\\htdocs\\website\\db.php on line 8
[Wed Jan 15 02:17:34.415207 2025] [php:error] [pid 11436:tid 1960] [client ::1:59511] PHP Fatal error:  Uncaught mysqli_sql_exception: You have an error in your SQL syntax; check the manual that corresponds to your MariaDB server version for the right syntax to use near ''username', 'password') VALUES ('Tom', '123')' at line 1 in C:\\xampp\\htdocs\\website\\index.php:6\nStack trace:\n#0 C:\\xampp\\htdocs\\website\\index.php(6): mysqli_query(Object(mysqli), 'INSERT INTO cus...')\n#1 {main}\n  thrown in C:\\xampp\\htdocs\\website\\index.php on line 6
[Wed Jan 15 02:18:50.944434 2025] [php:error] [pid 11436:tid 1936] [client ::1:59571] PHP Fatal error:  Uncaught mysqli_sql_exception: You have an error in your SQL syntax; check the manual that corresponds to your MariaDB server version for the right syntax to use near ''username', 'password') VALUES ('Tom', '123')' at line 1 in C:\\xampp\\htdocs\\website\\index.php:6\nStack trace:\n#0 C:\\xampp\\htdocs\\website\\index.php(6): mysqli_query(Object(mysqli), 'INSERT INTO acc...')\n#1 {main}\n  thrown in C:\\xampp\\htdocs\\website\\index.php on line 6
[Wed Jan 15 02:18:52.031159 2025] [php:error] [pid 11436:tid 1936] [client ::1:59571] PHP Fatal error:  Uncaught mysqli_sql_exception: You have an error in your SQL syntax; check the manual that corresponds to your MariaDB server version for the right syntax to use near ''username', 'password') VALUES ('Tom', '123')' at line 1 in C:\\xampp\\htdocs\\website\\index.php:6\nStack trace:\n#0 C:\\xampp\\htdocs\\website\\index.php(6): mysqli_query(Object(mysqli), 'INSERT INTO acc...')\n#1 {main}\n  thrown in C:\\xampp\\htdocs\\website\\index.php on line 6
[Wed Jan 15 02:18:52.899130 2025] [php:error] [pid 11436:tid 1936] [client ::1:59571] PHP Fatal error:  Uncaught mysqli_sql_exception: You have an error in your SQL syntax; check the manual that corresponds to your MariaDB server version for the right syntax to use near ''username', 'password') VALUES ('Tom', '123')' at line 1 in C:\\xampp\\htdocs\\website\\index.php:6\nStack trace:\n#0 C:\\xampp\\htdocs\\website\\index.php(6): mysqli_query(Object(mysqli), 'INSERT INTO acc...')\n#1 {main}\n  thrown in C:\\xampp\\htdocs\\website\\index.php on line 6
[Wed Jan 15 02:20:26.756079 2025] [php:error] [pid 11436:tid 1948] [client ::1:59642] PHP Fatal error:  Uncaught mysqli_sql_exception: You have an error in your SQL syntax; check the manual that corresponds to your MariaDB server version for the right syntax to use near ''username', 'password') VALUES ('Tom', '123')' at line 1 in C:\\xampp\\htdocs\\website\\index.php:6\nStack trace:\n#0 C:\\xampp\\htdocs\\website\\index.php(6): mysqli_query(Object(mysqli), 'INSERT INTO acc...')\n#1 {main}\n  thrown in C:\\xampp\\htdocs\\website\\index.php on line 6
[Wed Jan 15 02:20:27.190222 2025] [php:error] [pid 11436:tid 1948] [client ::1:59642] PHP Fatal error:  Uncaught mysqli_sql_exception: You have an error in your SQL syntax; check the manual that corresponds to your MariaDB server version for the right syntax to use near ''username', 'password') VALUES ('Tom', '123')' at line 1 in C:\\xampp\\htdocs\\website\\index.php:6\nStack trace:\n#0 C:\\xampp\\htdocs\\website\\index.php(6): mysqli_query(Object(mysqli), 'INSERT INTO acc...')\n#1 {main}\n  thrown in C:\\xampp\\htdocs\\website\\index.php on line 6
[Wed Jan 15 02:20:27.348710 2025] [php:error] [pid 11436:tid 1948] [client ::1:59642] PHP Fatal error:  Uncaught mysqli_sql_exception: You have an error in your SQL syntax; check the manual that corresponds to your MariaDB server version for the right syntax to use near ''username', 'password') VALUES ('Tom', '123')' at line 1 in C:\\xampp\\htdocs\\website\\index.php:6\nStack trace:\n#0 C:\\xampp\\htdocs\\website\\index.php(6): mysqli_query(Object(mysqli), 'INSERT INTO acc...')\n#1 {main}\n  thrown in C:\\xampp\\htdocs\\website\\index.php on line 6
[Wed Jan 15 02:20:27.553004 2025] [php:error] [pid 11436:tid 1948] [client ::1:59642] PHP Fatal error:  Uncaught mysqli_sql_exception: You have an error in your SQL syntax; check the manual that corresponds to your MariaDB server version for the right syntax to use near ''username', 'password') VALUES ('Tom', '123')' at line 1 in C:\\xampp\\htdocs\\website\\index.php:6\nStack trace:\n#0 C:\\xampp\\htdocs\\website\\index.php(6): mysqli_query(Object(mysqli), 'INSERT INTO acc...')\n#1 {main}\n  thrown in C:\\xampp\\htdocs\\website\\index.php on line 6
[Wed Jan 15 02:20:27.720759 2025] [php:error] [pid 11436:tid 1948] [client ::1:59642] PHP Fatal error:  Uncaught mysqli_sql_exception: You have an error in your SQL syntax; check the manual that corresponds to your MariaDB server version for the right syntax to use near ''username', 'password') VALUES ('Tom', '123')' at line 1 in C:\\xampp\\htdocs\\website\\index.php:6\nStack trace:\n#0 C:\\xampp\\htdocs\\website\\index.php(6): mysqli_query(Object(mysqli), 'INSERT INTO acc...')\n#1 {main}\n  thrown in C:\\xampp\\htdocs\\website\\index.php on line 6
[Wed Jan 15 02:20:27.877988 2025] [php:error] [pid 11436:tid 1948] [client ::1:59642] PHP Fatal error:  Uncaught mysqli_sql_exception: You have an error in your SQL syntax; check the manual that corresponds to your MariaDB server version for the right syntax to use near ''username', 'password') VALUES ('Tom', '123')' at line 1 in C:\\xampp\\htdocs\\website\\index.php:6\nStack trace:\n#0 C:\\xampp\\htdocs\\website\\index.php(6): mysqli_query(Object(mysqli), 'INSERT INTO acc...')\n#1 {main}\n  thrown in C:\\xampp\\htdocs\\website\\index.php on line 6
[Wed Jan 15 02:20:28.032849 2025] [php:error] [pid 11436:tid 1948] [client ::1:59642] PHP Fatal error:  Uncaught mysqli_sql_exception: You have an error in your SQL syntax; check the manual that corresponds to your MariaDB server version for the right syntax to use near ''username', 'password') VALUES ('Tom', '123')' at line 1 in C:\\xampp\\htdocs\\website\\index.php:6\nStack trace:\n#0 C:\\xampp\\htdocs\\website\\index.php(6): mysqli_query(Object(mysqli), 'INSERT INTO acc...')\n#1 {main}\n  thrown in C:\\xampp\\htdocs\\website\\index.php on line 6
[Wed Jan 15 02:20:28.190025 2025] [php:error] [pid 11436:tid 1948] [client ::1:59642] PHP Fatal error:  Uncaught mysqli_sql_exception: You have an error in your SQL syntax; check the manual that corresponds to your MariaDB server version for the right syntax to use near ''username', 'password') VALUES ('Tom', '123')' at line 1 in C:\\xampp\\htdocs\\website\\index.php:6\nStack trace:\n#0 C:\\xampp\\htdocs\\website\\index.php(6): mysqli_query(Object(mysqli), 'INSERT INTO acc...')\n#1 {main}\n  thrown in C:\\xampp\\htdocs\\website\\index.php on line 6
[Wed Jan 15 02:20:28.371719 2025] [php:error] [pid 11436:tid 1948] [client ::1:59642] PHP Fatal error:  Uncaught mysqli_sql_exception: You have an error in your SQL syntax; check the manual that corresponds to your MariaDB server version for the right syntax to use near ''username', 'password') VALUES ('Tom', '123')' at line 1 in C:\\xampp\\htdocs\\website\\index.php:6\nStack trace:\n#0 C:\\xampp\\htdocs\\website\\index.php(6): mysqli_query(Object(mysqli), 'INSERT INTO acc...')\n#1 {main}\n  thrown in C:\\xampp\\htdocs\\website\\index.php on line 6
[Wed Jan 15 02:20:28.527029 2025] [php:error] [pid 11436:tid 1948] [client ::1:59642] PHP Fatal error:  Uncaught mysqli_sql_exception: You have an error in your SQL syntax; check the manual that corresponds to your MariaDB server version for the right syntax to use near ''username', 'password') VALUES ('Tom', '123')' at line 1 in C:\\xampp\\htdocs\\website\\index.php:6\nStack trace:\n#0 C:\\xampp\\htdocs\\website\\index.php(6): mysqli_query(Object(mysqli), 'INSERT INTO acc...')\n#1 {main}\n  thrown in C:\\xampp\\htdocs\\website\\index.php on line 6
[Wed Jan 15 02:20:28.688114 2025] [php:error] [pid 11436:tid 1948] [client ::1:59642] PHP Fatal error:  Uncaught mysqli_sql_exception: You have an error in your SQL syntax; check the manual that corresponds to your MariaDB server version for the right syntax to use near ''username', 'password') VALUES ('Tom', '123')' at line 1 in C:\\xampp\\htdocs\\website\\index.php:6\nStack trace:\n#0 C:\\xampp\\htdocs\\website\\index.php(6): mysqli_query(Object(mysqli), 'INSERT INTO acc...')\n#1 {main}\n  thrown in C:\\xampp\\htdocs\\website\\index.php on line 6
[Wed Jan 15 02:20:28.850971 2025] [php:error] [pid 11436:tid 1948] [client ::1:59642] PHP Fatal error:  Uncaught mysqli_sql_exception: You have an error in your SQL syntax; check the manual that corresponds to your MariaDB server version for the right syntax to use near ''username', 'password') VALUES ('Tom', '123')' at line 1 in C:\\xampp\\htdocs\\website\\index.php:6\nStack trace:\n#0 C:\\xampp\\htdocs\\website\\index.php(6): mysqli_query(Object(mysqli), 'INSERT INTO acc...')\n#1 {main}\n  thrown in C:\\xampp\\htdocs\\website\\index.php on line 6
[Wed Jan 15 02:21:30.748957 2025] [php:error] [pid 11436:tid 1948] [client ::1:59704] PHP Fatal error:  Uncaught mysqli_sql_exception: You have an error in your SQL syntax; check the manual that corresponds to your MariaDB server version for the right syntax to use near 'INSERT INTO account (username, password) VALUES ('Toma', '123')' at line 2 in C:\\xampp\\htdocs\\website\\index.php:9\nStack trace:\n#0 C:\\xampp\\htdocs\\website\\index.php(9): mysqli_query(Object(mysqli), '\\r\\n    INSERT IN...')\n#1 {main}\n  thrown in C:\\xampp\\htdocs\\website\\index.php on line 9
[Wed Jan 15 02:22:44.440186 2025] [php:error] [pid 11436:tid 1948] [client ::1:59917] PHP Fatal error:  Uncaught mysqli_sql_exception: You have an error in your SQL syntax; check the manual that corresponds to your MariaDB server version for the right syntax to use near 'INSERT INTO account (username, password) VALUES ('Tomaasdasda', '123')' at line 2 in C:\\xampp\\htdocs\\website\\index.php:9\nStack trace:\n#0 C:\\xampp\\htdocs\\website\\index.php(9): mysqli_query(Object(mysqli), '\\r\\n    INSERT IN...')\n#1 {main}\n  thrown in C:\\xampp\\htdocs\\website\\index.php on line 9
[Wed Jan 15 02:23:39.048763 2025] [php:error] [pid 11436:tid 1948] [client ::1:59943] PHP Fatal error:  Uncaught mysqli_sql_exception: You have an error in your SQL syntax; check the manual that corresponds to your MariaDB server version for the right syntax to use near 'INSERT INTO account (username, password) VALUES ('Tomaasdasda', '123')' at line 2 in C:\\xampp\\htdocs\\website\\index.php:20\nStack trace:\n#0 C:\\xampp\\htdocs\\website\\index.php(20): mysqli_query(Object(mysqli), '\\r\\n    INSERT IN...')\n#1 {main}\n  thrown in C:\\xampp\\htdocs\\website\\index.php on line 20
[Wed Jan 15 02:23:39.799506 2025] [php:error] [pid 11436:tid 1948] [client ::1:59943] PHP Fatal error:  Uncaught mysqli_sql_exception: You have an error in your SQL syntax; check the manual that corresponds to your MariaDB server version for the right syntax to use near 'INSERT INTO account (username, password) VALUES ('Tomaasdasda', '123')' at line 2 in C:\\xampp\\htdocs\\website\\index.php:20\nStack trace:\n#0 C:\\xampp\\htdocs\\website\\index.php(20): mysqli_query(Object(mysqli), '\\r\\n    INSERT IN...')\n#1 {main}\n  thrown in C:\\xampp\\htdocs\\website\\index.php on line 20
[Wed Jan 15 02:23:40.255270 2025] [php:error] [pid 11436:tid 1948] [client ::1:59943] PHP Fatal error:  Uncaught mysqli_sql_exception: You have an error in your SQL syntax; check the manual that corresponds to your MariaDB server version for the right syntax to use near 'INSERT INTO account (username, password) VALUES ('Tomaasdasda', '123')' at line 2 in C:\\xampp\\htdocs\\website\\index.php:20\nStack trace:\n#0 C:\\xampp\\htdocs\\website\\index.php(20): mysqli_query(Object(mysqli), '\\r\\n    INSERT IN...')\n#1 {main}\n  thrown in C:\\xampp\\htdocs\\website\\index.php on line 20
[Wed Jan 15 02:37:08.045848 2025] [php:warn] [pid 11436:tid 1948] [client ::1:56104] PHP Warning:  Undefined variable $username in C:\\xampp\\htdocs\\website\\index.php on line 34
[Wed Jan 15 02:37:08.045848 2025] [php:warn] [pid 11436:tid 1948] [client ::1:56104] PHP Warning:  Undefined variable $password in C:\\xampp\\htdocs\\website\\index.php on line 34
[Wed Jan 15 02:38:01.633023 2025] [php:warn] [pid 11436:tid 1948] [client ::1:56128] PHP Warning:  Array to string conversion in C:\\xampp\\htdocs\\website\\index.php on line 37
[Wed Jan 15 02:38:01.634530 2025] [php:warn] [pid 11436:tid 1948] [client ::1:56128] PHP Warning:  Array to string conversion in C:\\xampp\\htdocs\\website\\index.php on line 37
[Wed Jan 15 02:38:17.144630 2025] [php:warn] [pid 11436:tid 1948] [client ::1:56138] PHP Warning:  Array to string conversion in C:\\xampp\\htdocs\\website\\index.php on line 37
[Wed Jan 15 02:38:17.144630 2025] [php:warn] [pid 11436:tid 1948] [client ::1:56138] PHP Warning:  Array to string conversion in C:\\xampp\\htdocs\\website\\index.php on line 37
[Wed Jan 15 02:38:36.112196 2025] [php:warn] [pid 11436:tid 1948] [client ::1:56147] PHP Warning:  Array to string conversion in C:\\xampp\\htdocs\\website\\index.php on line 37
[Wed Jan 15 02:38:36.113196 2025] [php:warn] [pid 11436:tid 1948] [client ::1:56147] PHP Warning:  Array to string conversion in C:\\xampp\\htdocs\\website\\index.php on line 37
[Wed Jan 15 02:38:38.608288 2025] [php:warn] [pid 11436:tid 1948] [client ::1:56147] PHP Warning:  Array to string conversion in C:\\xampp\\htdocs\\website\\index.php on line 37
[Wed Jan 15 02:38:38.609288 2025] [php:warn] [pid 11436:tid 1948] [client ::1:56147] PHP Warning:  Array to string conversion in C:\\xampp\\htdocs\\website\\index.php on line 37
[Wed Jan 15 02:38:41.228131 2025] [php:warn] [pid 11436:tid 1948] [client ::1:56147] PHP Warning:  Array to string conversion in C:\\xampp\\htdocs\\website\\index.php on line 37
[Wed Jan 15 02:38:41.229128 2025] [php:warn] [pid 11436:tid 1948] [client ::1:56147] PHP Warning:  Array to string conversion in C:\\xampp\\htdocs\\website\\index.php on line 37
[Wed Jan 15 02:38:46.388554 2025] [php:warn] [pid 11436:tid 1948] [client ::1:56158] PHP Warning:  Array to string conversion in C:\\xampp\\htdocs\\website\\index.php on line 37
[Wed Jan 15 02:38:46.388554 2025] [php:warn] [pid 11436:tid 1948] [client ::1:56158] PHP Warning:  Array to string conversion in C:\\xampp\\htdocs\\website\\index.php on line 37
[Wed Jan 15 02:38:49.619070 2025] [php:warn] [pid 11436:tid 1948] [client ::1:56158] PHP Warning:  Array to string conversion in C:\\xampp\\htdocs\\website\\index.php on line 37
[Wed Jan 15 02:38:49.619070 2025] [php:warn] [pid 11436:tid 1948] [client ::1:56158] PHP Warning:  Array to string conversion in C:\\xampp\\htdocs\\website\\index.php on line 37
[Wed Jan 15 02:38:52.094733 2025] [php:warn] [pid 11436:tid 1948] [client ::1:56158] PHP Warning:  Array to string conversion in C:\\xampp\\htdocs\\website\\index.php on line 37
[Wed Jan 15 02:38:52.094733 2025] [php:warn] [pid 11436:tid 1948] [client ::1:56158] PHP Warning:  Array to string conversion in C:\\xampp\\htdocs\\website\\index.php on line 37
[Wed Jan 15 02:39:28.271879 2025] [php:warn] [pid 11436:tid 1948] [client ::1:56185] PHP Warning:  Array to string conversion in C:\\xampp\\htdocs\\website\\index.php on line 37
[Wed Jan 15 02:39:28.271879 2025] [php:warn] [pid 11436:tid 1948] [client ::1:56185] PHP Warning:  Array to string conversion in C:\\xampp\\htdocs\\website\\index.php on line 37
[Wed Jan 15 02:39:32.982326 2025] [php:warn] [pid 11436:tid 1948] [client ::1:56185] PHP Warning:  Array to string conversion in C:\\xampp\\htdocs\\website\\index.php on line 37
[Wed Jan 15 02:39:32.982326 2025] [php:warn] [pid 11436:tid 1948] [client ::1:56185] PHP Warning:  Array to string conversion in C:\\xampp\\htdocs\\website\\index.php on line 37
[Wed Jan 15 02:39:41.576382 2025] [php:warn] [pid 11436:tid 1948] [client ::1:56197] PHP Warning:  Array to string conversion in C:\\xampp\\htdocs\\website\\index.php on line 37
[Wed Jan 15 02:39:41.576382 2025] [php:warn] [pid 11436:tid 1948] [client ::1:56197] PHP Warning:  Array to string conversion in C:\\xampp\\htdocs\\website\\index.php on line 37
[Wed Jan 15 02:39:46.931116 2025] [php:warn] [pid 11436:tid 1948] [client ::1:56203] PHP Warning:  Array to string conversion in C:\\xampp\\htdocs\\website\\index.php on line 37
[Wed Jan 15 02:39:46.931116 2025] [php:warn] [pid 11436:tid 1948] [client ::1:56203] PHP Warning:  Array to string conversion in C:\\xampp\\htdocs\\website\\index.php on line 37
[Wed Jan 15 02:39:54.399133 2025] [php:warn] [pid 11436:tid 1948] [client ::1:56209] PHP Warning:  Array to string conversion in C:\\xampp\\htdocs\\website\\index.php on line 37
[Wed Jan 15 02:39:54.399133 2025] [php:warn] [pid 11436:tid 1948] [client ::1:56209] PHP Warning:  Array to string conversion in C:\\xampp\\htdocs\\website\\index.php on line 37
[Wed Jan 15 02:53:37.919180 2025] [php:warn] [pid 11436:tid 1948] [client ::1:56688] PHP Warning:  Undefined variable $conn in C:\\xampp\\htdocs\\website\\index.php on line 45, referer: http://localhost/website/
[Wed Jan 15 02:53:37.919180 2025] [php:error] [pid 11436:tid 1948] [client ::1:56688] PHP Fatal error:  Uncaught TypeError: mysqli_query(): Argument #1 ($mysql) must be of type mysqli, null given in C:\\xampp\\htdocs\\website\\index.php:45\nStack trace:\n#0 C:\\xampp\\htdocs\\website\\index.php(45): mysqli_query(NULL, '\\r\\n            i...')\n#1 {main}\n  thrown in C:\\xampp\\htdocs\\website\\index.php on line 45, referer: http://localhost/website/
[Wed Jan 15 02:54:22.167376 2025] [php:warn] [pid 11436:tid 1948] [client ::1:56710] PHP Warning:  include(db,php): Failed to open stream: No such file or directory in C:\\xampp\\htdocs\\website\\index.php on line 31, referer: http://localhost/website/
[Wed Jan 15 02:54:22.167376 2025] [php:warn] [pid 11436:tid 1948] [client ::1:56710] PHP Warning:  include(): Failed opening 'db,php' for inclusion (include_path='C:\\xampp\\php\\PEAR') in C:\\xampp\\htdocs\\website\\index.php on line 31, referer: http://localhost/website/
[Wed Jan 15 02:54:22.167376 2025] [php:warn] [pid 11436:tid 1948] [client ::1:56710] PHP Warning:  Undefined variable $conn in C:\\xampp\\htdocs\\website\\index.php on line 46, referer: http://localhost/website/
[Wed Jan 15 02:54:22.168373 2025] [php:error] [pid 11436:tid 1948] [client ::1:56710] PHP Fatal error:  Uncaught TypeError: mysqli_query(): Argument #1 ($mysql) must be of type mysqli, null given in C:\\xampp\\htdocs\\website\\index.php:46\nStack trace:\n#0 C:\\xampp\\htdocs\\website\\index.php(46): mysqli_query(NULL, '\\r\\n            i...')\n#1 {main}\n  thrown in C:\\xampp\\htdocs\\website\\index.php on line 46, referer: http://localhost/website/
[Wed Jan 15 02:54:24.377665 2025] [php:warn] [pid 11436:tid 1948] [client ::1:56710] PHP Warning:  include(db,php): Failed to open stream: No such file or directory in C:\\xampp\\htdocs\\website\\index.php on line 31, referer: http://localhost/website/
[Wed Jan 15 02:54:24.377665 2025] [php:warn] [pid 11436:tid 1948] [client ::1:56710] PHP Warning:  include(): Failed opening 'db,php' for inclusion (include_path='C:\\xampp\\php\\PEAR') in C:\\xampp\\htdocs\\website\\index.php on line 31, referer: http://localhost/website/
[Wed Jan 15 02:54:24.377665 2025] [php:warn] [pid 11436:tid 1948] [client ::1:56710] PHP Warning:  Undefined variable $conn in C:\\xampp\\htdocs\\website\\index.php on line 46, referer: http://localhost/website/
[Wed Jan 15 02:54:24.377665 2025] [php:error] [pid 11436:tid 1948] [client ::1:56710] PHP Fatal error:  Uncaught TypeError: mysqli_query(): Argument #1 ($mysql) must be of type mysqli, null given in C:\\xampp\\htdocs\\website\\index.php:46\nStack trace:\n#0 C:\\xampp\\htdocs\\website\\index.php(46): mysqli_query(NULL, '\\r\\n            i...')\n#1 {main}\n  thrown in C:\\xampp\\htdocs\\website\\index.php on line 46, referer: http://localhost/website/
[Wed Jan 15 02:54:32.485104 2025] [php:error] [pid 11436:tid 1948] [client ::1:56717] PHP Fatal error:  Uncaught mysqli_sql_exception: Unknown column 'user' in 'field list' in C:\\xampp\\htdocs\\website\\index.php:46\nStack trace:\n#0 C:\\xampp\\htdocs\\website\\index.php(46): mysqli_query(Object(mysqli), '\\r\\n            i...')\n#1 {main}\n  thrown in C:\\xampp\\htdocs\\website\\index.php on line 46, referer: http://localhost/website/
[Wed Jan 15 19:08:43.888931 2025] [ssl:warn] [pid 7636:tid 372] AH01909: www.example.com:443:0 server certificate does NOT include an ID which matches the server name
[Wed Jan 15 19:08:43.920183 2025] [core:warn] [pid 7636:tid 372] AH00098: pid file C:/xampp/apache/logs/httpd.pid overwritten -- Unclean shutdown of previous Apache run?
[Wed Jan 15 19:08:43.922196 2025] [ssl:warn] [pid 7636:tid 372] AH01909: www.example.com:443:0 server certificate does NOT include an ID which matches the server name
[Wed Jan 15 19:08:44.219894 2025] [mpm_winnt:notice] [pid 7636:tid 372] AH00455: Apache/2.4.58 (Win64) OpenSSL/3.1.3 PHP/8.2.12 configured -- resuming normal operations
[Wed Jan 15 19:08:44.219894 2025] [mpm_winnt:notice] [pid 7636:tid 372] AH00456: Apache Lounge VS17 Server built: Oct 18 2023 13:03:18
[Wed Jan 15 19:08:44.219894 2025] [core:notice] [pid 7636:tid 372] AH00094: Command line: 'c:\\xampp\\apache\\bin\\httpd.exe -d C:/xampp/apache'
[Wed Jan 15 19:08:44.223404 2025] [mpm_winnt:notice] [pid 7636:tid 372] AH00418: Parent: Created child process 24400
[Wed Jan 15 19:08:44.464103 2025] [ssl:warn] [pid 24400:tid 360] AH01909: www.example.com:443:0 server certificate does NOT include an ID which matches the server name
[Wed Jan 15 19:08:44.491359 2025] [ssl:warn] [pid 24400:tid 360] AH01909: www.example.com:443:0 server certificate does NOT include an ID which matches the server name
[Wed Jan 15 19:08:44.518994 2025] [mpm_winnt:notice] [pid 24400:tid 360] AH00354: Child: Starting 150 worker threads.
[Mon May 26 20:35:10.676484 2025] [ssl:warn] [pid 29652:tid 444] AH01909: www.example.com:443:0 server certificate does NOT include an ID which matches the server name
[Mon May 26 20:35:10.702662 2025] [core:warn] [pid 29652:tid 444] AH00098: pid file C:/xampp/apache/logs/httpd.pid overwritten -- Unclean shutdown of previous Apache run?
[Mon May 26 20:35:10.705677 2025] [ssl:warn] [pid 29652:tid 444] AH01909: www.example.com:443:0 server certificate does NOT include an ID which matches the server name
[Mon May 26 20:35:11.024511 2025] [mpm_winnt:notice] [pid 29652:tid 444] AH00455: Apache/2.4.58 (Win64) OpenSSL/3.1.3 PHP/8.2.12 configured -- resuming normal operations
[Mon May 26 20:35:11.024511 2025] [mpm_winnt:notice] [pid 29652:tid 444] AH00456: Apache Lounge VS17 Server built: Oct 18 2023 13:03:18
[Mon May 26 20:35:11.024511 2025] [core:notice] [pid 29652:tid 444] AH00094: Command line: 'c:\\xampp\\apache\\bin\\httpd.exe -d C:/xampp/apache'
[Mon May 26 20:35:11.027515 2025] [mpm_winnt:notice] [pid 29652:tid 444] AH00418: Parent: Created child process 11388
[Mon May 26 20:35:11.286669 2025] [ssl:warn] [pid 11388:tid 444] AH01909: www.example.com:443:0 server certificate does NOT include an ID which matches the server name
[Mon May 26 20:35:11.318343 2025] [ssl:warn] [pid 11388:tid 444] AH01909: www.example.com:443:0 server certificate does NOT include an ID which matches the server name
[Mon May 26 20:35:11.354727 2025] [mpm_winnt:notice] [pid 11388:tid 444] AH00354: Child: Starting 150 worker threads.
[Mon May 26 22:48:00.685829 2025] [ssl:warn] [pid 10064:tid 444] AH01909: www.example.com:443:0 server certificate does NOT include an ID which matches the server name
[Mon May 26 22:48:00.710913 2025] [core:warn] [pid 10064:tid 444] AH00098: pid file C:/xampp/apache/logs/httpd.pid overwritten -- Unclean shutdown of previous Apache run?
[Mon May 26 22:48:00.712915 2025] [ssl:warn] [pid 10064:tid 444] AH01909: www.example.com:443:0 server certificate does NOT include an ID which matches the server name
[Mon May 26 22:48:00.759837 2025] [mpm_winnt:notice] [pid 10064:tid 444] AH00455: Apache/2.4.58 (Win64) OpenSSL/3.1.3 PHP/8.2.12 configured -- resuming normal operations
[Mon May 26 22:48:00.759837 2025] [mpm_winnt:notice] [pid 10064:tid 444] AH00456: Apache Lounge VS17 Server built: Oct 18 2023 13:03:18
[Mon May 26 22:48:00.759837 2025] [core:notice] [pid 10064:tid 444] AH00094: Command line: 'c:\\xampp\\apache\\bin\\httpd.exe -d C:/xampp/apache'
[Mon May 26 22:48:00.762858 2025] [mpm_winnt:notice] [pid 10064:tid 444] AH00418: Parent: Created child process 3132
[Mon May 26 22:48:01.011596 2025] [ssl:warn] [pid 3132:tid 440] AH01909: www.example.com:443:0 server certificate does NOT include an ID which matches the server name
[Mon May 26 22:48:01.036858 2025] [ssl:warn] [pid 3132:tid 440] AH01909: www.example.com:443:0 server certificate does NOT include an ID which matches the server name
[Mon May 26 22:48:01.062885 2025] [mpm_winnt:notice] [pid 3132:tid 440] AH00354: Child: Starting 150 worker threads.
